<?xml version="1.0" encoding="UTF-8"?>
<!-- Generated by org.testng.reporters.JUnitXMLReporter -->
<testsuite ignored="0" hostname="DESKTOP-UM2MPT8" failures="0" tests="21" name="PageFactoryPOMJobbyAppTest5" time="61.644" errors="0" timestamp="2023-09-19T14:15:35 IST">
  <testcase classname="TestScenarios.LoginPageTest" name="TestLoginPageUI" time="0.121"/>
  <testcase classname="TestScenarios.HeaderSectionTest" name="HeaderSectionAppLogoImage" time="0.964"/>
  <testcase classname="TestScenarios.LoginPageTest" name="TestSubmissionWithEmptyInput" time="0.775"/>
  <testcase classname="TestScenarios.HeaderSectionTest" name="ClickOnNavbarJobsLink" time="1.289"/>
  <testcase classname="TestScenarios.LoginPageTest" name="TestSubmissionWithEmptyUsername" time="0.965"/>
  <testcase classname="TestScenarios.HeaderSectionTest" name="ClickOnAppLogo" time="1.954"/>
  <testcase classname="TestScenarios.LoginPageTest" name="TestSubmissionWithEmptyPassword" time="1.417"/>
  <testcase classname="TestScenarios.HeaderSectionTest" name="ClickOnNavbarHome" time="1.614"/>
  <testcase classname="TestScenarios.LoginPageTest" name="TestSubmissionWithInvalidPassword" time="1.089"/>
  <testcase classname="TestScenarios.HeaderSectionTest" name="ClickOnLogout" time="1.048"/>
  <testcase classname="TestScenarios.LoginPageTest" name="TestSuccessfulLogin" time="1.243"/>
  <testcase classname="TestScenarios.HomePageTest" name="HomePageHeadingText" time="0.982"/>
  <testcase classname="TestScenarios.JobsPageTest" name="ProfileContainerUI" time="0.689"/>
  <testcase classname="TestScenarios.HomePageTest" name="ClickOnFindJobFunctionality" time="1.314"/>
  <testcase classname="TestScenarios.JobsPageTest" name="SuccessfulSearch" time="1.073"/>
  <testcase classname="TestScenarios.JobsPageTest" name="SuccessfulSearch" time="1.209"/>
  <testcase classname="TestScenarios.JobsPageTest" name="SuccessfulSearch" time="0.918"/>
  <testcase classname="TestScenarios.JobsPageTest" name="SuccessfulSearch" time="0.943"/>
  <testcase classname="TestScenarios.JobsPageTest" name="SuccessfulSearch" time="1.095"/>
  <testcase classname="TestScenarios.JobsPageTest" name="SuccessfulSearch" time="0.923"/>
  <testcase classname="TestScenarios.JobsPageTest" name="UnsuccessfulSearch" time="1.044"/>
</testsuite> <!-- PageFactoryPOMJobbyAppTest5 -->
