<?xml version="1.0" encoding="UTF-8"?>
<testng-results ignored="0" total="21" passed="21" failed="0" skipped="0">
  <reporter-output>
  </reporter-output>
  <suite started-at="2023-09-19T14:14:33 IST" name="All Test Suite" finished-at="2023-09-19T14:15:35 IST" duration-ms="61644">
    <groups>
    </groups>
    <test started-at="2023-09-19T14:14:33 IST" name="PageFactoryPOMJobbyAppTest5" finished-at="2023-09-19T14:15:35 IST" duration-ms="61644">
      <class name="TestScenarios.HeaderSectionTest">
        <test-method is-config="true" signature="SetUp()[pri:0, instance:TestScenarios.HeaderSectionTest@15b204a1]" started-at="2023-09-19T14:14:33 IST" name="SetUp" finished-at="2023-09-19T14:14:39 IST" duration-ms="5768" status="PASS">
          <reporter-output>
          </reporter-output>
        </test-method> <!-- SetUp -->
        <test-method signature="HeaderSectionAppLogoImage()[pri:7, instance:TestScenarios.HeaderSectionTest@15b204a1]" started-at="2023-09-19T14:14:39 IST" name="HeaderSectionAppLogoImage" finished-at="2023-09-19T14:14:40 IST" duration-ms="964" status="PASS">
          <reporter-output>
          </reporter-output>
        </test-method> <!-- HeaderSectionAppLogoImage -->
        <test-method is-config="true" signature="TearDown()[pri:0, instance:TestScenarios.HeaderSectionTest@15b204a1]" started-at="2023-09-19T14:14:40 IST" name="TearDown" finished-at="2023-09-19T14:14:41 IST" duration-ms="809" status="PASS">
          <reporter-output>
          </reporter-output>
        </test-method> <!-- TearDown -->
        <test-method is-config="true" signature="SetUp()[pri:0, instance:TestScenarios.HeaderSectionTest@15b204a1]" started-at="2023-09-19T14:14:41 IST" name="SetUp" finished-at="2023-09-19T14:14:43 IST" duration-ms="2520" status="PASS">
          <reporter-output>
          </reporter-output>
        </test-method> <!-- SetUp -->
        <test-method signature="ClickOnNavbarJobsLink()[pri:8, instance:TestScenarios.HeaderSectionTest@15b204a1]" started-at="2023-09-19T14:14:43 IST" name="ClickOnNavbarJobsLink" finished-at="2023-09-19T14:14:45 IST" duration-ms="1289" status="PASS">
          <reporter-output>
          </reporter-output>
        </test-method> <!-- ClickOnNavbarJobsLink -->
        <test-method is-config="true" signature="TearDown()[pri:0, instance:TestScenarios.HeaderSectionTest@15b204a1]" started-at="2023-09-19T14:14:45 IST" name="TearDown" finished-at="2023-09-19T14:14:45 IST" duration-ms="242" status="PASS">
          <reporter-output>
          </reporter-output>
        </test-method> <!-- TearDown -->
        <test-method is-config="true" signature="SetUp()[pri:0, instance:TestScenarios.HeaderSectionTest@15b204a1]" started-at="2023-09-19T14:14:45 IST" name="SetUp" finished-at="2023-09-19T14:14:47 IST" duration-ms="2362" status="PASS">
          <reporter-output>
          </reporter-output>
        </test-method> <!-- SetUp -->
        <test-method signature="ClickOnAppLogo()[pri:9, instance:TestScenarios.HeaderSectionTest@15b204a1]" started-at="2023-09-19T14:14:47 IST" name="ClickOnAppLogo" finished-at="2023-09-19T14:14:49 IST" duration-ms="1954" status="PASS">
          <reporter-output>
          </reporter-output>
        </test-method> <!-- ClickOnAppLogo -->
        <test-method is-config="true" signature="TearDown()[pri:0, instance:TestScenarios.HeaderSectionTest@15b204a1]" started-at="2023-09-19T14:14:49 IST" name="TearDown" finished-at="2023-09-19T14:14:50 IST" duration-ms="257" status="PASS">
          <reporter-output>
          </reporter-output>
        </test-method> <!-- TearDown -->
        <test-method is-config="true" signature="SetUp()[pri:0, instance:TestScenarios.HeaderSectionTest@15b204a1]" started-at="2023-09-19T14:14:50 IST" name="SetUp" finished-at="2023-09-19T14:14:52 IST" duration-ms="2336" status="PASS">
          <reporter-output>
          </reporter-output>
        </test-method> <!-- SetUp -->
        <test-method signature="ClickOnNavbarHome()[pri:10, instance:TestScenarios.HeaderSectionTest@15b204a1]" started-at="2023-09-19T14:14:52 IST" name="ClickOnNavbarHome" finished-at="2023-09-19T14:14:54 IST" duration-ms="1614" status="PASS">
          <reporter-output>
          </reporter-output>
        </test-method> <!-- ClickOnNavbarHome -->
        <test-method is-config="true" signature="TearDown()[pri:0, instance:TestScenarios.HeaderSectionTest@15b204a1]" started-at="2023-09-19T14:14:54 IST" name="TearDown" finished-at="2023-09-19T14:14:54 IST" duration-ms="255" status="PASS">
          <reporter-output>
          </reporter-output>
        </test-method> <!-- TearDown -->
        <test-method is-config="true" signature="SetUp()[pri:0, instance:TestScenarios.HeaderSectionTest@15b204a1]" started-at="2023-09-19T14:14:54 IST" name="SetUp" finished-at="2023-09-19T14:14:56 IST" duration-ms="2554" status="PASS">
          <reporter-output>
          </reporter-output>
        </test-method> <!-- SetUp -->
        <test-method signature="ClickOnLogout()[pri:11, instance:TestScenarios.HeaderSectionTest@15b204a1]" started-at="2023-09-19T14:14:56 IST" name="ClickOnLogout" finished-at="2023-09-19T14:14:57 IST" duration-ms="1048" status="PASS">
          <reporter-output>
          </reporter-output>
        </test-method> <!-- ClickOnLogout -->
        <test-method is-config="true" signature="TearDown()[pri:0, instance:TestScenarios.HeaderSectionTest@15b204a1]" started-at="2023-09-19T14:14:57 IST" name="TearDown" finished-at="2023-09-19T14:14:58 IST" duration-ms="331" status="PASS">
          <reporter-output>
          </reporter-output>
        </test-method> <!-- TearDown -->
      </class> <!-- TestScenarios.HeaderSectionTest -->
      <class name="TestScenarios.HomePageTest">
        <test-method is-config="true" signature="SetUp()[pri:0, instance:TestScenarios.HomePageTest@778d1062]" started-at="2023-09-19T14:14:58 IST" name="SetUp" finished-at="2023-09-19T14:15:00 IST" duration-ms="2574" status="PASS">
          <reporter-output>
          </reporter-output>
        </test-method> <!-- SetUp -->
        <test-method signature="HomePageHeadingText()[pri:12, instance:TestScenarios.HomePageTest@778d1062]" started-at="2023-09-19T14:15:00 IST" name="HomePageHeadingText" finished-at="2023-09-19T14:15:01 IST" duration-ms="982" status="PASS">
          <reporter-output>
          </reporter-output>
        </test-method> <!-- HomePageHeadingText -->
        <test-method is-config="true" signature="TearDown()[pri:0, instance:TestScenarios.HomePageTest@778d1062]" started-at="2023-09-19T14:15:01 IST" name="TearDown" finished-at="2023-09-19T14:15:02 IST" duration-ms="277" status="PASS">
          <reporter-output>
          </reporter-output>
        </test-method> <!-- TearDown -->
        <test-method is-config="true" signature="SetUp()[pri:0, instance:TestScenarios.HomePageTest@778d1062]" started-at="2023-09-19T14:15:02 IST" name="SetUp" finished-at="2023-09-19T14:15:04 IST" duration-ms="2447" status="PASS">
          <reporter-output>
          </reporter-output>
        </test-method> <!-- SetUp -->
        <test-method signature="ClickOnFindJobFunctionality()[pri:13, instance:TestScenarios.HomePageTest@778d1062]" started-at="2023-09-19T14:15:04 IST" name="ClickOnFindJobFunctionality" finished-at="2023-09-19T14:15:05 IST" duration-ms="1314" status="PASS">
          <reporter-output>
          </reporter-output>
        </test-method> <!-- ClickOnFindJobFunctionality -->
        <test-method is-config="true" signature="TearDown()[pri:0, instance:TestScenarios.HomePageTest@778d1062]" started-at="2023-09-19T14:15:05 IST" name="TearDown" finished-at="2023-09-19T14:15:06 IST" duration-ms="260" status="PASS">
          <reporter-output>
          </reporter-output>
        </test-method> <!-- TearDown -->
      </class> <!-- TestScenarios.HomePageTest -->
      <class name="TestScenarios.LoginPageTest">
        <test-method is-config="true" signature="SetUp()[pri:0, instance:TestScenarios.LoginPageTest@1f0f1111]" started-at="2023-09-19T14:14:33 IST" name="SetUp" finished-at="2023-09-19T14:14:39 IST" duration-ms="5870" status="PASS">
          <reporter-output>
          </reporter-output>
        </test-method> <!-- SetUp -->
        <test-method signature="TestLoginPageUI()[pri:1, instance:TestScenarios.LoginPageTest@1f0f1111]" started-at="2023-09-19T14:14:39 IST" name="TestLoginPageUI" finished-at="2023-09-19T14:14:39 IST" duration-ms="121" status="PASS">
          <reporter-output>
          </reporter-output>
        </test-method> <!-- TestLoginPageUI -->
        <test-method is-config="true" signature="TearDown()[pri:0, instance:TestScenarios.LoginPageTest@1f0f1111]" started-at="2023-09-19T14:14:39 IST" name="TearDown" finished-at="2023-09-19T14:14:40 IST" duration-ms="268" status="PASS">
          <reporter-output>
          </reporter-output>
        </test-method> <!-- TearDown -->
        <test-method is-config="true" signature="SetUp()[pri:0, instance:TestScenarios.LoginPageTest@1f0f1111]" started-at="2023-09-19T14:14:40 IST" name="SetUp" finished-at="2023-09-19T14:14:42 IST" duration-ms="2720" status="PASS">
          <reporter-output>
          </reporter-output>
        </test-method> <!-- SetUp -->
        <test-method signature="TestSubmissionWithEmptyInput()[pri:2, instance:TestScenarios.LoginPageTest@1f0f1111]" started-at="2023-09-19T14:14:42 IST" name="TestSubmissionWithEmptyInput" finished-at="2023-09-19T14:14:43 IST" duration-ms="775" status="PASS">
          <reporter-output>
          </reporter-output>
        </test-method> <!-- TestSubmissionWithEmptyInput -->
        <test-method is-config="true" signature="TearDown()[pri:0, instance:TestScenarios.LoginPageTest@1f0f1111]" started-at="2023-09-19T14:14:43 IST" name="TearDown" finished-at="2023-09-19T14:14:43 IST" duration-ms="222" status="PASS">
          <reporter-output>
          </reporter-output>
        </test-method> <!-- TearDown -->
        <test-method is-config="true" signature="SetUp()[pri:0, instance:TestScenarios.LoginPageTest@1f0f1111]" started-at="2023-09-19T14:14:43 IST" name="SetUp" finished-at="2023-09-19T14:14:46 IST" duration-ms="2758" status="PASS">
          <reporter-output>
          </reporter-output>
        </test-method> <!-- SetUp -->
        <test-method signature="TestSubmissionWithEmptyUsername()[pri:3, instance:TestScenarios.LoginPageTest@1f0f1111]" started-at="2023-09-19T14:14:46 IST" name="TestSubmissionWithEmptyUsername" finished-at="2023-09-19T14:14:47 IST" duration-ms="965" status="PASS">
          <reporter-output>
          </reporter-output>
        </test-method> <!-- TestSubmissionWithEmptyUsername -->
        <test-method is-config="true" signature="TearDown()[pri:0, instance:TestScenarios.LoginPageTest@1f0f1111]" started-at="2023-09-19T14:14:47 IST" name="TearDown" finished-at="2023-09-19T14:14:47 IST" duration-ms="252" status="PASS">
          <reporter-output>
          </reporter-output>
        </test-method> <!-- TearDown -->
        <test-method is-config="true" signature="SetUp()[pri:0, instance:TestScenarios.LoginPageTest@1f0f1111]" started-at="2023-09-19T14:14:47 IST" name="SetUp" finished-at="2023-09-19T14:14:50 IST" duration-ms="2554" status="PASS">
          <reporter-output>
          </reporter-output>
        </test-method> <!-- SetUp -->
        <test-method signature="TestSubmissionWithEmptyPassword()[pri:4, instance:TestScenarios.LoginPageTest@1f0f1111]" started-at="2023-09-19T14:14:50 IST" name="TestSubmissionWithEmptyPassword" finished-at="2023-09-19T14:14:51 IST" duration-ms="1417" status="PASS">
          <reporter-output>
          </reporter-output>
        </test-method> <!-- TestSubmissionWithEmptyPassword -->
        <test-method is-config="true" signature="TearDown()[pri:0, instance:TestScenarios.LoginPageTest@1f0f1111]" started-at="2023-09-19T14:14:51 IST" name="TearDown" finished-at="2023-09-19T14:14:52 IST" duration-ms="191" status="PASS">
          <reporter-output>
          </reporter-output>
        </test-method> <!-- TearDown -->
        <test-method is-config="true" signature="SetUp()[pri:0, instance:TestScenarios.LoginPageTest@1f0f1111]" started-at="2023-09-19T14:14:52 IST" name="SetUp" finished-at="2023-09-19T14:14:54 IST" duration-ms="2374" status="PASS">
          <reporter-output>
          </reporter-output>
        </test-method> <!-- SetUp -->
        <test-method signature="TestSubmissionWithInvalidPassword()[pri:5, instance:TestScenarios.LoginPageTest@1f0f1111]" started-at="2023-09-19T14:14:54 IST" name="TestSubmissionWithInvalidPassword" finished-at="2023-09-19T14:14:55 IST" duration-ms="1089" status="PASS">
          <reporter-output>
          </reporter-output>
        </test-method> <!-- TestSubmissionWithInvalidPassword -->
        <test-method is-config="true" signature="TearDown()[pri:0, instance:TestScenarios.LoginPageTest@1f0f1111]" started-at="2023-09-19T14:14:55 IST" name="TearDown" finished-at="2023-09-19T14:14:55 IST" duration-ms="201" status="PASS">
          <reporter-output>
          </reporter-output>
        </test-method> <!-- TearDown -->
        <test-method is-config="true" signature="SetUp()[pri:0, instance:TestScenarios.LoginPageTest@1f0f1111]" started-at="2023-09-19T14:14:55 IST" name="SetUp" finished-at="2023-09-19T14:14:58 IST" duration-ms="2364" status="PASS">
          <reporter-output>
          </reporter-output>
        </test-method> <!-- SetUp -->
        <test-method signature="TestSuccessfulLogin()[pri:6, instance:TestScenarios.LoginPageTest@1f0f1111]" started-at="2023-09-19T14:14:58 IST" name="TestSuccessfulLogin" finished-at="2023-09-19T14:14:59 IST" duration-ms="1243" status="PASS">
          <reporter-output>
          </reporter-output>
        </test-method> <!-- TestSuccessfulLogin -->
        <test-method is-config="true" signature="TearDown()[pri:0, instance:TestScenarios.LoginPageTest@1f0f1111]" started-at="2023-09-19T14:14:59 IST" name="TearDown" finished-at="2023-09-19T14:14:59 IST" duration-ms="359" status="PASS">
          <reporter-output>
          </reporter-output>
        </test-method> <!-- TearDown -->
      </class> <!-- TestScenarios.LoginPageTest -->
      <class name="TestScenarios.JobsPageTest">
        <test-method is-config="true" signature="SetUp()[pri:0, instance:TestScenarios.JobsPageTest@670002]" started-at="2023-09-19T14:14:59 IST" name="SetUp" finished-at="2023-09-19T14:15:03 IST" duration-ms="3713" status="PASS">
          <reporter-output>
          </reporter-output>
        </test-method> <!-- SetUp -->
        <test-method signature="ProfileContainerUI()[pri:14, instance:TestScenarios.JobsPageTest@670002]" started-at="2023-09-19T14:15:03 IST" name="ProfileContainerUI" finished-at="2023-09-19T14:15:04 IST" duration-ms="689" status="PASS">
          <reporter-output>
          </reporter-output>
        </test-method> <!-- ProfileContainerUI -->
        <test-method is-config="true" signature="TearDown()[pri:0, instance:TestScenarios.JobsPageTest@670002]" started-at="2023-09-19T14:15:04 IST" name="TearDown" finished-at="2023-09-19T14:15:04 IST" duration-ms="281" status="PASS">
          <reporter-output>
          </reporter-output>
        </test-method> <!-- TearDown -->
        <test-method is-config="true" signature="SetUp()[pri:0, instance:TestScenarios.JobsPageTest@670002]" started-at="2023-09-19T14:15:04 IST" name="SetUp" finished-at="2023-09-19T14:15:07 IST" duration-ms="3658" status="PASS">
          <reporter-output>
          </reporter-output>
        </test-method> <!-- SetUp -->
        <test-method signature="SuccessfulSearch(java.lang.String,int)[pri:15, instance:TestScenarios.JobsPageTest@670002]" started-at="2023-09-19T14:15:07 IST" name="SuccessfulSearch" data-provider="dataSet" finished-at="2023-09-19T14:15:09 IST" duration-ms="1073" status="PASS">
          <params>
            <param index="0">
              <value>
                <![CDATA[Devops Engineer]]>
              </value>
            </param>
            <param index="1">
              <value>
                <![CDATA[9]]>
              </value>
            </param>
          </params>
          <reporter-output>
          </reporter-output>
        </test-method> <!-- SuccessfulSearch -->
        <test-method is-config="true" signature="TearDown()[pri:0, instance:TestScenarios.JobsPageTest@670002]" started-at="2023-09-19T14:15:09 IST" name="TearDown" finished-at="2023-09-19T14:15:09 IST" duration-ms="254" status="PASS">
          <reporter-output>
          </reporter-output>
        </test-method> <!-- TearDown -->
        <test-method is-config="true" signature="SetUp()[pri:0, instance:TestScenarios.JobsPageTest@670002]" started-at="2023-09-19T14:15:09 IST" name="SetUp" finished-at="2023-09-19T14:15:12 IST" duration-ms="3115" status="PASS">
          <reporter-output>
          </reporter-output>
        </test-method> <!-- SetUp -->
        <test-method signature="SuccessfulSearch(java.lang.String,int)[pri:15, instance:TestScenarios.JobsPageTest@670002]" started-at="2023-09-19T14:15:12 IST" name="SuccessfulSearch" data-provider="dataSet" finished-at="2023-09-19T14:15:13 IST" duration-ms="1209" status="PASS">
          <params>
            <param index="0">
              <value>
                <![CDATA[Backend Engineer]]>
              </value>
            </param>
            <param index="1">
              <value>
                <![CDATA[11]]>
              </value>
            </param>
          </params>
          <reporter-output>
          </reporter-output>
        </test-method> <!-- SuccessfulSearch -->
        <test-method is-config="true" signature="TearDown()[pri:0, instance:TestScenarios.JobsPageTest@670002]" started-at="2023-09-19T14:15:13 IST" name="TearDown" finished-at="2023-09-19T14:15:13 IST" duration-ms="269" status="PASS">
          <reporter-output>
          </reporter-output>
        </test-method> <!-- TearDown -->
        <test-method is-config="true" signature="SetUp()[pri:0, instance:TestScenarios.JobsPageTest@670002]" started-at="2023-09-19T14:15:13 IST" name="SetUp" finished-at="2023-09-19T14:15:17 IST" duration-ms="3155" status="PASS">
          <reporter-output>
          </reporter-output>
        </test-method> <!-- SetUp -->
        <test-method signature="SuccessfulSearch(java.lang.String,int)[pri:15, instance:TestScenarios.JobsPageTest@670002]" started-at="2023-09-19T14:15:17 IST" name="SuccessfulSearch" data-provider="dataSet" finished-at="2023-09-19T14:15:17 IST" duration-ms="918" status="PASS">
          <params>
            <param index="0">
              <value>
                <![CDATA[Frontend Engineer]]>
              </value>
            </param>
            <param index="1">
              <value>
                <![CDATA[13]]>
              </value>
            </param>
          </params>
          <reporter-output>
          </reporter-output>
        </test-method> <!-- SuccessfulSearch -->
        <test-method is-config="true" signature="TearDown()[pri:0, instance:TestScenarios.JobsPageTest@670002]" started-at="2023-09-19T14:15:17 IST" name="TearDown" finished-at="2023-09-19T14:15:18 IST" duration-ms="254" status="PASS">
          <reporter-output>
          </reporter-output>
        </test-method> <!-- TearDown -->
        <test-method is-config="true" signature="SetUp()[pri:0, instance:TestScenarios.JobsPageTest@670002]" started-at="2023-09-19T14:15:18 IST" name="SetUp" finished-at="2023-09-19T14:15:21 IST" duration-ms="3152" status="PASS">
          <reporter-output>
          </reporter-output>
        </test-method> <!-- SetUp -->
        <test-method signature="SuccessfulSearch(java.lang.String,int)[pri:15, instance:TestScenarios.JobsPageTest@670002]" started-at="2023-09-19T14:15:21 IST" name="SuccessfulSearch" data-provider="dataSet" finished-at="2023-09-19T14:15:22 IST" duration-ms="943" status="PASS">
          <params>
            <param index="0">
              <value>
                <![CDATA[Fullstack Developer]]>
              </value>
            </param>
            <param index="1">
              <value>
                <![CDATA[6]]>
              </value>
            </param>
          </params>
          <reporter-output>
          </reporter-output>
        </test-method> <!-- SuccessfulSearch -->
        <test-method is-config="true" signature="TearDown()[pri:0, instance:TestScenarios.JobsPageTest@670002]" started-at="2023-09-19T14:15:22 IST" name="TearDown" finished-at="2023-09-19T14:15:22 IST" duration-ms="266" status="PASS">
          <reporter-output>
          </reporter-output>
        </test-method> <!-- TearDown -->
        <test-method is-config="true" signature="SetUp()[pri:0, instance:TestScenarios.JobsPageTest@670002]" started-at="2023-09-19T14:15:22 IST" name="SetUp" finished-at="2023-09-19T14:15:25 IST" duration-ms="3037" status="PASS">
          <reporter-output>
          </reporter-output>
        </test-method> <!-- SetUp -->
        <test-method signature="SuccessfulSearch(java.lang.String,int)[pri:15, instance:TestScenarios.JobsPageTest@670002]" started-at="2023-09-19T14:15:25 IST" name="SuccessfulSearch" data-provider="dataSet" finished-at="2023-09-19T14:15:26 IST" duration-ms="1095" status="PASS">
          <params>
            <param index="0">
              <value>
                <![CDATA[Data Scientist]]>
              </value>
            </param>
            <param index="1">
              <value>
                <![CDATA[11]]>
              </value>
            </param>
          </params>
          <reporter-output>
          </reporter-output>
        </test-method> <!-- SuccessfulSearch -->
        <test-method is-config="true" signature="TearDown()[pri:0, instance:TestScenarios.JobsPageTest@670002]" started-at="2023-09-19T14:15:26 IST" name="TearDown" finished-at="2023-09-19T14:15:26 IST" duration-ms="233" status="PASS">
          <reporter-output>
          </reporter-output>
        </test-method> <!-- TearDown -->
        <test-method is-config="true" signature="SetUp()[pri:0, instance:TestScenarios.JobsPageTest@670002]" started-at="2023-09-19T14:15:26 IST" name="SetUp" finished-at="2023-09-19T14:15:29 IST" duration-ms="2945" status="PASS">
          <reporter-output>
          </reporter-output>
        </test-method> <!-- SetUp -->
        <test-method signature="SuccessfulSearch(java.lang.String,int)[pri:15, instance:TestScenarios.JobsPageTest@670002]" started-at="2023-09-19T14:15:29 IST" name="SuccessfulSearch" data-provider="dataSet" finished-at="2023-09-19T14:15:30 IST" duration-ms="923" status="PASS">
          <params>
            <param index="0">
              <value>
                <![CDATA[ML Engineer]]>
              </value>
            </param>
            <param index="1">
              <value>
                <![CDATA[10]]>
              </value>
            </param>
          </params>
          <reporter-output>
          </reporter-output>
        </test-method> <!-- SuccessfulSearch -->
        <test-method is-config="true" signature="TearDown()[pri:0, instance:TestScenarios.JobsPageTest@670002]" started-at="2023-09-19T14:15:30 IST" name="TearDown" finished-at="2023-09-19T14:15:31 IST" duration-ms="247" status="PASS">
          <reporter-output>
          </reporter-output>
        </test-method> <!-- TearDown -->
        <test-method is-config="true" signature="SetUp()[pri:0, instance:TestScenarios.JobsPageTest@670002]" started-at="2023-09-19T14:15:31 IST" name="SetUp" finished-at="2023-09-19T14:15:34 IST" duration-ms="3167" status="PASS">
          <reporter-output>
          </reporter-output>
        </test-method> <!-- SetUp -->
        <test-method signature="UnsuccessfulSearch()[pri:16, instance:TestScenarios.JobsPageTest@670002]" started-at="2023-09-19T14:15:34 IST" name="UnsuccessfulSearch" finished-at="2023-09-19T14:15:35 IST" duration-ms="1044" status="PASS">
          <reporter-output>
          </reporter-output>
        </test-method> <!-- UnsuccessfulSearch -->
        <test-method is-config="true" signature="TearDown()[pri:0, instance:TestScenarios.JobsPageTest@670002]" started-at="2023-09-19T14:15:35 IST" name="TearDown" finished-at="2023-09-19T14:15:35 IST" duration-ms="182" status="PASS">
          <reporter-output>
          </reporter-output>
        </test-method> <!-- TearDown -->
      </class> <!-- TestScenarios.JobsPageTest -->
    </test> <!-- PageFactoryPOMJobbyAppTest5 -->
  </suite> <!-- All Test Suite -->
</testng-results>
